<?xml version="1.0" encoding="UTF-8"?>
<!-- Generated by org.testng.reporters.JUnitReportReporter -->
<testsuite hostname="LAPTOP-FL7DK08P" failures="0" tests="2" name="QaclickAcademy.SeleniumTest" time="0.000" errors="0" timestamp="2021-12-14T14:30:12 IST" skipped="0">
  <testcase classname="QaclickAcademy.SeleniumTest" name="BrowserAUtomation" time="0.000"/>
  <system-out/>
  <testcase classname="QaclickAcademy.SeleniumTest" name="elementsUi" time="0.000"/>
  <system-out/>
</testsuite> <!-- QaclickAcademy.SeleniumTest -->
