<?xml version="1.0" encoding="UTF-8"?>
<!-- Generated by org.testng.reporters.JUnitReportReporter -->
<testsuite hostname="LAPTOP-FL7DK08P" failures="0" tests="2" name="QaclickAcademy.RESTAPITest" time="0.001" errors="0" timestamp="2021-12-14T14:30:12 IST" skipped="0">
  <testcase classname="QaclickAcademy.RESTAPITest" name="postJira" time="0.000"/>
  <system-out/>
  <testcase classname="QaclickAcademy.RESTAPITest" name="deleteTwitter" time="0.001"/>
  <system-out/>
</testsuite> <!-- QaclickAcademy.RESTAPITest -->
