<?xml version="1.0" encoding="UTF-8"?>
<!-- Generated by org.testng.reporters.JUnitReportReporter -->
<testsuite hostname="LAPTOP-FL7DK08P" failures="0" tests="2" name="QaclickAcademy.AppiumTest" time="0.005" errors="0" timestamp="2021-12-14T14:30:12 IST" skipped="0">
  <testcase classname="QaclickAcademy.AppiumTest" name="IOSApps" time="0.005"/>
  <system-out/>
  <testcase classname="QaclickAcademy.AppiumTest" name="NativeAPpAndroid" time="0.000"/>
  <system-out/>
</testsuite> <!-- QaclickAcademy.AppiumTest -->
